<?xml version="1.0" encoding="UTF-8"?>
<testng-results skipped="0" failed="0" total="1" passed="1">
  <reporter-output>
  </reporter-output>
  <suite name="Default suite" duration-ms="24052" started-at="2021-05-18T11:38:29Z" finished-at="2021-05-18T11:38:53Z">
    <groups>
    </groups>
    <test name="Default test" duration-ms="24052" started-at="2021-05-18T11:38:29Z" finished-at="2021-05-18T11:38:53Z">
      <class name="Basicseleniumconcept.mouseoverconcepts">
        <test-method status="PASS" signature="mouseover()[pri:0, instance:Basicseleniumconcept.mouseoverconcepts@50a7bc6e]" name="mouseover" duration-ms="24010" started-at="2021-05-18T17:08:29Z" finished-at="2021-05-18T17:08:53Z">
          <reporter-output>
          </reporter-output>
        </test-method> <!-- mouseover -->
      </class> <!-- Basicseleniumconcept.mouseoverconcepts -->
    </test> <!-- Default test -->
  </suite> <!-- Default suite -->
</testng-results>
